0 info it worked if it ends with ok
1 verbose cli [ 'C:\\Program Files\\nodejs\\node.exe',
1 verbose cli   'C:\\Program Files\\nodejs\\node_modules\\npm\\bin\\npm-cli.js',
1 verbose cli   'install',
1 verbose cli   'react-file-input' ]
2 info using npm@2.15.8
3 info using node@v4.4.7
4 verbose install initial load of E:\ANDREI\Programming\Practica Pentalog\reactPart\package.json
5 warn package.json psadmin@1.0.0 No description
6 warn package.json psadmin@1.0.0 No README data
7 verbose installManyTop reading scoped package data from E:\ANDREI\Programming\Practica Pentalog\reactPart\node_modules\bootstrap\package.json
8 verbose installManyTop reading scoped package data from E:\ANDREI\Programming\Practica Pentalog\reactPart\node_modules\browserify\package.json
9 verbose installManyTop reading scoped package data from E:\ANDREI\Programming\Practica Pentalog\reactPart\node_modules\flux\package.json
10 verbose installManyTop reading scoped package data from E:\ANDREI\Programming\Practica Pentalog\reactPart\node_modules\gulp\package.json
11 verbose installManyTop reading scoped package data from E:\ANDREI\Programming\Practica Pentalog\reactPart\node_modules\gulp-concat\package.json
12 verbose installManyTop reading scoped package data from E:\ANDREI\Programming\Practica Pentalog\reactPart\node_modules\gulp-connect\package.json
13 verbose installManyTop reading scoped package data from E:\ANDREI\Programming\Practica Pentalog\reactPart\node_modules\gulp-eslint\package.json
14 verbose installManyTop reading scoped package data from E:\ANDREI\Programming\Practica Pentalog\reactPart\node_modules\gulp-open\package.json
15 verbose installManyTop reading scoped package data from E:\ANDREI\Programming\Practica Pentalog\reactPart\node_modules\jquery\package.json
16 verbose installManyTop reading scoped package data from E:\ANDREI\Programming\Practica Pentalog\reactPart\node_modules\lodash\package.json
17 verbose installManyTop reading scoped package data from E:\ANDREI\Programming\Practica Pentalog\reactPart\node_modules\react\package.json
18 verbose installManyTop reading scoped package data from E:\ANDREI\Programming\Practica Pentalog\reactPart\node_modules\react-dom\package.json
19 verbose installManyTop reading scoped package data from E:\ANDREI\Programming\Practica Pentalog\reactPart\node_modules\react-router\package.json
20 verbose installManyTop reading scoped package data from E:\ANDREI\Programming\Practica Pentalog\reactPart\node_modules\react-sidebar\package.json
21 verbose installManyTop reading scoped package data from E:\ANDREI\Programming\Practica Pentalog\reactPart\node_modules\reactify\package.json
22 verbose installManyTop reading scoped package data from E:\ANDREI\Programming\Practica Pentalog\reactPart\node_modules\toastr\package.json
23 verbose installManyTop reading scoped package data from E:\ANDREI\Programming\Practica Pentalog\reactPart\node_modules\vinyl-source-stream\package.json
24 info package.json jquery@2.1.4 No license field.
25 info package.json flux@2.0.3 license should be a valid SPDX license expression
26 info package.json toastr@2.1.0 No license field.
27 info package.json gulp-eslint@0.15.0 No license field.
28 verbose readDependencies loading dependencies from E:\ANDREI\Programming\Practica Pentalog\reactPart\package.json
29 verbose readDependencies npm-shrinkwrap.json is overriding dependencies
30 info shrinkwrap file "E:\\ANDREI\\Programming\\Practica Pentalog\\reactPart\\npm-shrinkwrap.json"
31 verbose readDependencies returned deps { bootstrap: 'https://registry.npmjs.org/bootstrap/-/bootstrap-3.3.5.tgz',
31 verbose readDependencies returned deps   browserify: 'https://registry.npmjs.org/browserify/-/browserify-11.0.1.tgz',
31 verbose readDependencies returned deps   flux: 'https://registry.npmjs.org/flux/-/flux-2.0.3.tgz',
31 verbose readDependencies returned deps   gulp: 'https://registry.npmjs.org/gulp/-/gulp-3.9.0.tgz',
31 verbose readDependencies returned deps   'gulp-concat': 'https://registry.npmjs.org/gulp-concat/-/gulp-concat-2.6.0.tgz',
31 verbose readDependencies returned deps   'gulp-connect': 'https://registry.npmjs.org/gulp-connect/-/gulp-connect-2.2.0.tgz',
31 verbose readDependencies returned deps   'gulp-eslint': 'https://registry.npmjs.org/gulp-eslint/-/gulp-eslint-0.15.0.tgz',
31 verbose readDependencies returned deps   'gulp-open': 'https://registry.npmjs.org/gulp-open/-/gulp-open-1.0.0.tgz',
31 verbose readDependencies returned deps   jquery: 'https://registry.npmjs.org/jquery/-/jquery-2.1.4.tgz',
31 verbose readDependencies returned deps   lodash: 'https://registry.npmjs.org/lodash/-/lodash-3.10.1.tgz',
31 verbose readDependencies returned deps   react: 'https://registry.npmjs.org/react/-/react-0.13.3.tgz',
31 verbose readDependencies returned deps   'react-router': 'https://registry.npmjs.org/react-router/-/react-router-0.13.3.tgz',
31 verbose readDependencies returned deps   reactify: 'https://registry.npmjs.org/reactify/-/reactify-1.1.1.tgz',
31 verbose readDependencies returned deps   toastr: 'https://registry.npmjs.org/toastr/-/toastr-2.1.0.tgz',
31 verbose readDependencies returned deps   'vinyl-source-stream': 'https://registry.npmjs.org/vinyl-source-stream/-/vinyl-source-stream-1.1.0.tgz' }
32 silly cache add args [ 'react-file-input', null ]
33 verbose cache add spec react-file-input
34 silly cache add parsed spec Result {
34 silly cache add   raw: 'react-file-input',
34 silly cache add   scope: null,
34 silly cache add   name: 'react-file-input',
34 silly cache add   rawSpec: '',
34 silly cache add   spec: 'latest',
34 silly cache add   type: 'tag' }
35 silly addNamed react-file-input@latest
36 verbose addNamed "latest" is being treated as a dist-tag for react-file-input
37 info addNameTag [ 'react-file-input', 'latest' ]
38 silly mapToRegistry name react-file-input
39 silly mapToRegistry using default registry
40 silly mapToRegistry registry https://registry.npmjs.org/
41 silly mapToRegistry data Result {
41 silly mapToRegistry   raw: 'react-file-input',
41 silly mapToRegistry   scope: null,
41 silly mapToRegistry   name: 'react-file-input',
41 silly mapToRegistry   rawSpec: '',
41 silly mapToRegistry   spec: 'latest',
41 silly mapToRegistry   type: 'tag' }
42 silly mapToRegistry uri https://registry.npmjs.org/react-file-input
43 verbose addNameTag registry:https://registry.npmjs.org/react-file-input not in flight; fetching
44 verbose request uri https://registry.npmjs.org/react-file-input
45 verbose request no auth needed
46 info attempt registry request try #1 at 11:54:28 AM
47 verbose request id 64c4e5d2447efeef
48 http request GET https://registry.npmjs.org/react-file-input
49 http 200 https://registry.npmjs.org/react-file-input
50 verbose headers { server: 'CouchDB/1.5.0 (Erlang OTP/R16B03)',
50 verbose headers   etag: '"EBSBX60WHQT8IU217M2C90F09"',
50 verbose headers   'content-type': 'application/json',
50 verbose headers   'content-encoding': 'gzip',
50 verbose headers   'cache-control': 'max-age=300',
50 verbose headers   'content-length': '3354',
50 verbose headers   'accept-ranges': 'bytes',
50 verbose headers   date: 'Fri, 05 Aug 2016 08:54:32 GMT',
50 verbose headers   via: '1.1 varnish',
50 verbose headers   age: '0',
50 verbose headers   connection: 'keep-alive',
50 verbose headers   'x-served-by': 'cache-lhr6332-LHR',
50 verbose headers   'x-cache': 'MISS',
50 verbose headers   'x-cache-hits': '0',
50 verbose headers   'x-timer': 'S1470387272.831478,VS0,VE101',
50 verbose headers   vary: 'Accept-Encoding' }
51 silly get cb [ 200,
51 silly get   { server: 'CouchDB/1.5.0 (Erlang OTP/R16B03)',
51 silly get     etag: '"EBSBX60WHQT8IU217M2C90F09"',
51 silly get     'content-type': 'application/json',
51 silly get     'content-encoding': 'gzip',
51 silly get     'cache-control': 'max-age=300',
51 silly get     'content-length': '3354',
51 silly get     'accept-ranges': 'bytes',
51 silly get     date: 'Fri, 05 Aug 2016 08:54:32 GMT',
51 silly get     via: '1.1 varnish',
51 silly get     age: '0',
51 silly get     connection: 'keep-alive',
51 silly get     'x-served-by': 'cache-lhr6332-LHR',
51 silly get     'x-cache': 'MISS',
51 silly get     'x-cache-hits': '0',
51 silly get     'x-timer': 'S1470387272.831478,VS0,VE101',
51 silly get     vary: 'Accept-Encoding' } ]
52 verbose get saving react-file-input to C:\Users\vasy1\AppData\Roaming\npm-cache\registry.npmjs.org\react-file-input\.cache.json
53 verbose correctMkdir C:\Users\vasy1\AppData\Roaming\npm-cache correctMkdir not in flight; initializing
54 silly addNameTag next cb for react-file-input with tag latest
55 silly addNamed react-file-input@0.2.5
56 verbose addNamed "0.2.5" is a plain semver version for react-file-input
57 silly mapToRegistry name react-file-input
58 silly mapToRegistry using default registry
59 silly mapToRegistry registry https://registry.npmjs.org/
60 silly mapToRegistry data Result {
60 silly mapToRegistry   raw: 'react-file-input',
60 silly mapToRegistry   scope: null,
60 silly mapToRegistry   name: 'react-file-input',
60 silly mapToRegistry   rawSpec: '',
60 silly mapToRegistry   spec: 'latest',
60 silly mapToRegistry   type: 'tag' }
61 silly mapToRegistry uri https://registry.npmjs.org/react-file-input
62 verbose addRemoteTarball https://registry.npmjs.org/react-file-input/-/react-file-input-0.2.5.tgz not in flight; adding
63 verbose addRemoteTarball [ 'https://registry.npmjs.org/react-file-input/-/react-file-input-0.2.5.tgz',
63 verbose addRemoteTarball   'a355367d9323d5c6352ddd3cd7ec3582e5c9b245' ]
64 info retry fetch attempt 1 at 11:54:29 AM
65 info attempt registry request try #1 at 11:54:29 AM
66 http fetch GET https://registry.npmjs.org/react-file-input/-/react-file-input-0.2.5.tgz
67 http fetch 200 https://registry.npmjs.org/react-file-input/-/react-file-input-0.2.5.tgz
68 silly fetchAndShaCheck shasum a355367d9323d5c6352ddd3cd7ec3582e5c9b245
69 verbose addTmpTarball C:\Users\vasy1\AppData\Local\Temp\npm-23480-4814d0b6\registry.npmjs.org\react-file-input\-\react-file-input-0.2.5.tgz not in flight; adding
70 verbose addTmpTarball already have metadata; skipping unpack for react-file-input@0.2.5
71 verbose correctMkdir C:\Users\vasy1\AppData\Roaming\npm-cache correctMkdir not in flight; initializing
72 silly cache afterAdd react-file-input@0.2.5
73 verbose afterAdd C:\Users\vasy1\AppData\Roaming\npm-cache\react-file-input\0.2.5\package\package.json not in flight; writing
74 verbose correctMkdir C:\Users\vasy1\AppData\Roaming\npm-cache correctMkdir not in flight; initializing
75 verbose afterAdd C:\Users\vasy1\AppData\Roaming\npm-cache\react-file-input\0.2.5\package\package.json written
76 silly install resolved [ { name: 'react-file-input',
76 silly install resolved     version: '0.2.5',
76 silly install resolved     description: 'Simple file input component for React',
76 silly install resolved     main: './lib',
76 silly install resolved     scripts: { test: 'echo "Error: no test specified" && exit 1' },
76 silly install resolved     repository:
76 silly install resolved      { type: 'git',
76 silly install resolved        url: 'https://github.com/captivationsoftware/react-file-input' },
76 silly install resolved     keywords: [ 'react', 'react-component', 'upload', 'file', 'input' ],
76 silly install resolved     author: { name: 'Captivation Software' },
76 silly install resolved     contributors: [],
76 silly install resolved     license: 'MIT',
76 silly install resolved     bugs: { url: 'https://github.com/captivationsoftware/react-file-input/issues' },
76 silly install resolved     homepage: 'https://github.com/captivationsoftware/react-file-input',
76 silly install resolved     peerDependencies: { react: '0.x' },
76 silly install resolved     gitHead: '27435a3e89a42a23e9578e7dd980ee6e6c905ca3',
76 silly install resolved     _id: 'react-file-input@0.2.5',
76 silly install resolved     _shasum: 'a355367d9323d5c6352ddd3cd7ec3582e5c9b245',
76 silly install resolved     _from: 'react-file-input@latest',
76 silly install resolved     _npmVersion: '2.5.1',
76 silly install resolved     _nodeVersion: '0.12.0',
76 silly install resolved     _npmUser: { name: 'dbarbalato', email: 'dbarbalato@gmail.com' },
76 silly install resolved     maintainers: [ [Object] ],
76 silly install resolved     dist:
76 silly install resolved      { shasum: 'a355367d9323d5c6352ddd3cd7ec3582e5c9b245',
76 silly install resolved        tarball: 'https://registry.npmjs.org/react-file-input/-/react-file-input-0.2.5.tgz' },
76 silly install resolved     directories: {},
76 silly install resolved     _resolved: 'https://registry.npmjs.org/react-file-input/-/react-file-input-0.2.5.tgz' } ]
77 info install react-file-input@0.2.5 into E:\ANDREI\Programming\Practica Pentalog\reactPart
78 info installOne react-file-input@0.2.5
79 verbose installOne of react-file-input to E:\ANDREI\Programming\Practica Pentalog\reactPart not in flight; installing
80 verbose correctMkdir C:\Users\vasy1\AppData\Roaming\npm-cache\_locks correctMkdir not in flight; initializing
81 verbose lock using C:\Users\vasy1\AppData\Roaming\npm-cache\_locks\react-file-input-0300e0c7f91a93d4.lock for E:\ANDREI\Programming\Practica Pentalog\reactPart\node_modules\react-file-input
82 silly install write writing react-file-input 0.2.5 to E:\ANDREI\Programming\Practica Pentalog\reactPart\node_modules\react-file-input
83 verbose unbuild node_modules\react-file-input
84 silly gentlyRm E:\ANDREI\Programming\Practica Pentalog\reactPart\node_modules\react-file-input is being purged from base E:\ANDREI\Programming\Practica Pentalog\reactPart
85 verbose gentlyRm don't care about contents; nuking E:\ANDREI\Programming\Practica Pentalog\reactPart\node_modules\react-file-input
86 verbose tar unpack C:\Users\vasy1\AppData\Roaming\npm-cache\react-file-input\0.2.5\package.tgz
87 verbose tar unpacking to E:\ANDREI\Programming\Practica Pentalog\reactPart\node_modules\react-file-input
88 silly gentlyRm E:\ANDREI\Programming\Practica Pentalog\reactPart\node_modules\react-file-input is being purged
89 verbose gentlyRm don't care about contents; nuking E:\ANDREI\Programming\Practica Pentalog\reactPart\node_modules\react-file-input
90 silly gunzTarPerm modes [ '777', '666' ]
91 silly gunzTarPerm extractEntry package.json
92 silly gunzTarPerm modified mode [ 'package.json', 436, 438 ]
93 silly gunzTarPerm extractEntry .npmignore
94 silly gunzTarPerm modified mode [ '.npmignore', 436, 438 ]
95 silly gunzTarPerm extractEntry README.md
96 silly gunzTarPerm modified mode [ 'README.md', 436, 438 ]
97 silly gunzTarPerm extractEntry LICENSE
98 silly gunzTarPerm modified mode [ 'LICENSE', 436, 438 ]
99 silly gunzTarPerm extractEntry lib/index.js
100 silly gunzTarPerm modified mode [ 'lib/index.js', 436, 438 ]
101 verbose write writing to E:\ANDREI\Programming\Practica Pentalog\reactPart\node_modules\react-file-input\package.json
102 info preinstall react-file-input@0.2.5
103 verbose readDependencies loading dependencies from E:\ANDREI\Programming\Practica Pentalog\reactPart\node_modules\react-file-input\package.json
104 verbose readDependencies loading dependencies from E:\ANDREI\Programming\Practica Pentalog\reactPart\node_modules\react-file-input\package.json
105 silly install resolved []
106 verbose about to build E:\ANDREI\Programming\Practica Pentalog\reactPart\node_modules\react-file-input
107 info build E:\ANDREI\Programming\Practica Pentalog\reactPart\node_modules\react-file-input
108 info linkStuff react-file-input@0.2.5
109 silly linkStuff react-file-input@0.2.5 has E:\ANDREI\Programming\Practica Pentalog\reactPart\node_modules as its parent node_modules
110 verbose linkBins react-file-input@0.2.5
111 verbose linkMans react-file-input@0.2.5
112 verbose rebuildBundles react-file-input@0.2.5
113 info install react-file-input@0.2.5
114 info postinstall react-file-input@0.2.5
115 verbose unlock done using C:\Users\vasy1\AppData\Roaming\npm-cache\_locks\react-file-input-0300e0c7f91a93d4.lock for E:\ANDREI\Programming\Practica Pentalog\reactPart\node_modules\react-file-input
116 verbose validateInstall loading E:\ANDREI\Programming\Practica Pentalog\reactPart\package.json for validation
117 verbose stack Error: The package react@0.13.3 does not satisfy its siblings' peerDependencies requirements!
117 verbose stack     at C:\Program Files\nodejs\node_modules\npm\lib\install.js:125:32
117 verbose stack     at C:\Program Files\nodejs\node_modules\npm\lib\install.js:268:7
117 verbose stack     at C:\Program Files\nodejs\node_modules\npm\node_modules\read-installed\read-installed.js:142:5
117 verbose stack     at C:\Program Files\nodejs\node_modules\npm\node_modules\read-installed\read-installed.js:263:14
117 verbose stack     at cb (C:\Program Files\nodejs\node_modules\npm\node_modules\slide\lib\async-map.js:47:24)
117 verbose stack     at C:\Program Files\nodejs\node_modules\npm\node_modules\read-installed\read-installed.js:263:14
117 verbose stack     at cb (C:\Program Files\nodejs\node_modules\npm\node_modules\slide\lib\async-map.js:47:24)
117 verbose stack     at C:\Program Files\nodejs\node_modules\npm\node_modules\read-installed\read-installed.js:263:14
117 verbose stack     at cb (C:\Program Files\nodejs\node_modules\npm\node_modules\slide\lib\async-map.js:47:24)
117 verbose stack     at C:\Program Files\nodejs\node_modules\npm\node_modules\read-installed\read-installed.js:263:14
118 verbose cwd E:\ANDREI\Programming\Practica Pentalog\reactPart
119 error Windows_NT 10.0.10586
120 error argv "C:\\Program Files\\nodejs\\node.exe" "C:\\Program Files\\nodejs\\node_modules\\npm\\bin\\npm-cli.js" "install" "react-file-input"
121 error node v4.4.7
122 error npm  v2.15.8
123 error code EPEERINVALID
124 error peerinvalid The package react@0.13.3 does not satisfy its siblings' peerDependencies requirements!
124 error peerinvalid Peer react-router@0.13.3 wants react@0.13.x
124 error peerinvalid Peer react-dom@15.3.0 wants react@^15.3.0
124 error peerinvalid Peer react-sidebar@2.2.1 wants react@>=0.14.0
124 error peerinvalid Peer react-file-input@0.2.5 wants react@0.x
125 verbose exit [ 1, true ]
